<?xml version="1.0" encoding="utf-8"?><testsuites name="pytest tests"><testsuite name="pytest" errors="0" failures="0" skipped="0" tests="8" time="1.286" timestamp="2026-04-25T07:49:06.916171+00:00" hostname="agent-env-b98ba9b1-f825-44ec-93e2-4825b3445692"><testcase classname="backend.tests.test_repodoctor.TestHealth" name="test_health" time="0.180" /><testcase classname="backend.tests.test_repodoctor.TestStats" name="test_stats" time="0.139" /><testcase classname="backend.tests.test_repodoctor.TestAnalyses" name="test_list_analyses" time="0.099" /><testcase classname="backend.tests.test_repodoctor.TestAnalyses" name="test_get_known_analysis" time="0.136" /><testcase classname="backend.tests.test_repodoctor.TestAnalyses" name="test_create_analysis" time="0.250" /><testcase classname="backend.tests.test_repodoctor.TestAnalyses" name="test_get_nonexistent_analysis" time="0.130" /><testcase classname="backend.tests.test_repodoctor.TestSettings" name="test_get_settings" time="0.113" /><testcase classname="backend.tests.test_repodoctor.TestSettings" name="test_save_settings" time="0.125" /></testsuite></testsuites>